<?xml version="1.0" encoding="UTF-8"?>
<testng-results ignored="0" total="9" passed="9" failed="0" skipped="0">
  <reporter-output>
  </reporter-output>
  <suite started-at="2022-06-06T06:37:18 IST" name="Suite" finished-at="2022-06-06T06:38:11 IST" duration-ms="52752">
    <groups>
    </groups>
    <test started-at="2022-06-06T06:37:18 IST" name="TravelsCustomerLogin_Chrome3" finished-at="2022-06-06T06:37:39 IST" duration-ms="21117">
      <class name="tests.TravelCustomerLoginTest3">
        <test-method is-config="true" signature="setUp(java.lang.String,java.lang.String)[pri:0, instance:tests.TravelCustomerLoginTest3@43bc63a3]" started-at="2022-06-06T06:37:18 IST" name="setUp" finished-at="2022-06-06T06:37:28 IST" duration-ms="10068" status="PASS">
          <params>
            <param index="0">
              <value>
                <![CDATA[chrome]]>
              </value>
            </param>
            <param index="1">
              <value>
                <![CDATA[true]]>
              </value>
            </param>
          </params>
          <reporter-output>
          </reporter-output>
        </test-method> <!-- setUp -->
        <test-method signature="travelCustomerLogin3()[pri:0, instance:tests.TravelCustomerLoginTest3@43bc63a3]" started-at="2022-06-06T06:37:28 IST" name="travelCustomerLogin3" finished-at="2022-06-06T06:37:39 IST" duration-ms="10661" status="PASS">
          <reporter-output>
          </reporter-output>
        </test-method> <!-- travelCustomerLogin3 -->
        <test-method is-config="true" signature="tearDown()[pri:0, instance:tests.TravelCustomerLoginTest3@43bc63a3]" started-at="2022-06-06T06:37:39 IST" name="tearDown" finished-at="2022-06-06T06:37:39 IST" duration-ms="254" status="PASS">
          <reporter-output>
          </reporter-output>
        </test-method> <!-- tearDown -->
      </class> <!-- tests.TravelCustomerLoginTest3 -->
    </test> <!-- TravelsCustomerLogin_Chrome3 -->
    <test started-at="2022-06-06T06:37:18 IST" name="TravelsCustomerLogin_Chrome2" finished-at="2022-06-06T06:37:40 IST" duration-ms="22141">
      <class name="tests.TravelCustomerLoginTest2">
        <test-method is-config="true" signature="setUp(java.lang.String,java.lang.String)[pri:0, instance:tests.TravelCustomerLoginTest2@6c6cb480]" started-at="2022-06-06T06:37:18 IST" name="setUp" finished-at="2022-06-06T06:37:28 IST" duration-ms="10068" status="PASS">
          <params>
            <param index="0">
              <value>
                <![CDATA[chrome]]>
              </value>
            </param>
            <param index="1">
              <value>
                <![CDATA[true]]>
              </value>
            </param>
          </params>
          <reporter-output>
          </reporter-output>
        </test-method> <!-- setUp -->
        <test-method signature="travelCustomerLogin2()[pri:0, instance:tests.TravelCustomerLoginTest2@6c6cb480]" started-at="2022-06-06T06:37:28 IST" name="travelCustomerLogin2" finished-at="2022-06-06T06:37:40 IST" duration-ms="11674" status="PASS">
          <reporter-output>
          </reporter-output>
        </test-method> <!-- travelCustomerLogin2 -->
        <test-method is-config="true" signature="tearDown()[pri:0, instance:tests.TravelCustomerLoginTest2@6c6cb480]" started-at="2022-06-06T06:37:40 IST" name="tearDown" finished-at="2022-06-06T06:37:40 IST" duration-ms="277" status="PASS">
          <reporter-output>
          </reporter-output>
        </test-method> <!-- tearDown -->
      </class> <!-- tests.TravelCustomerLoginTest2 -->
    </test> <!-- TravelsCustomerLogin_Chrome2 -->
    <test started-at="2022-06-06T06:37:18 IST" name="TravelsCustomerLogin_Edge2" finished-at="2022-06-06T06:37:40 IST" duration-ms="22310">
      <class name="tests.TravelCustomerLoginTest2">
        <test-method is-config="true" signature="setUp(java.lang.String,java.lang.String)[pri:0, instance:tests.TravelCustomerLoginTest2@22555ebf]" started-at="2022-06-06T06:37:18 IST" name="setUp" finished-at="2022-06-06T06:37:28 IST" duration-ms="10305" status="PASS">
          <params>
            <param index="0">
              <value>
                <![CDATA[edge]]>
              </value>
            </param>
            <param index="1">
              <value>
                <![CDATA[true]]>
              </value>
            </param>
          </params>
          <reporter-output>
          </reporter-output>
        </test-method> <!-- setUp -->
        <test-method signature="travelCustomerLogin2()[pri:0, instance:tests.TravelCustomerLoginTest2@22555ebf]" started-at="2022-06-06T06:37:28 IST" name="travelCustomerLogin2" finished-at="2022-06-06T06:37:40 IST" duration-ms="11625" status="PASS">
          <reporter-output>
          </reporter-output>
        </test-method> <!-- travelCustomerLogin2 -->
        <test-method is-config="true" signature="tearDown()[pri:0, instance:tests.TravelCustomerLoginTest2@22555ebf]" started-at="2022-06-06T06:37:40 IST" name="tearDown" finished-at="2022-06-06T06:37:40 IST" duration-ms="284" status="PASS">
          <reporter-output>
          </reporter-output>
        </test-method> <!-- tearDown -->
      </class> <!-- tests.TravelCustomerLoginTest2 -->
    </test> <!-- TravelsCustomerLogin_Edge2 -->
    <test started-at="2022-06-06T06:37:18 IST" name="TravelsCustomerLogin_Edge" finished-at="2022-06-06T06:37:41 IST" duration-ms="23173">
      <class name="tests.TravelCustomerLoginTest">
        <test-method is-config="true" signature="setUp(java.lang.String,java.lang.String)[pri:0, instance:tests.TravelCustomerLoginTest@5b7a5baa]" started-at="2022-06-06T06:37:18 IST" name="setUp" finished-at="2022-06-06T06:37:29 IST" duration-ms="10358" status="PASS">
          <params>
            <param index="0">
              <value>
                <![CDATA[edge]]>
              </value>
            </param>
            <param index="1">
              <value>
                <![CDATA[true]]>
              </value>
            </param>
          </params>
          <reporter-output>
          </reporter-output>
        </test-method> <!-- setUp -->
        <test-method signature="travelCustomerLogin()[pri:0, instance:tests.TravelCustomerLoginTest@5b7a5baa]" started-at="2022-06-06T06:37:29 IST" name="travelCustomerLogin" finished-at="2022-06-06T06:37:41 IST" duration-ms="12333" status="PASS">
          <reporter-output>
          </reporter-output>
        </test-method> <!-- travelCustomerLogin -->
        <test-method is-config="true" signature="tearDown()[pri:0, instance:tests.TravelCustomerLoginTest@5b7a5baa]" started-at="2022-06-06T06:37:41 IST" name="tearDown" finished-at="2022-06-06T06:37:41 IST" duration-ms="385" status="PASS">
          <reporter-output>
          </reporter-output>
        </test-method> <!-- tearDown -->
      </class> <!-- tests.TravelCustomerLoginTest -->
    </test> <!-- TravelsCustomerLogin_Edge -->
    <test started-at="2022-06-06T06:37:18 IST" name="TravelsCustomerLogin_Chrome" finished-at="2022-06-06T06:37:48 IST" duration-ms="30368">
      <class name="tests.TravelCustomerLoginTest">
        <test-method is-config="true" signature="setUp(java.lang.String,java.lang.String)[pri:0, instance:tests.TravelCustomerLoginTest@3023df74]" started-at="2022-06-06T06:37:18 IST" name="setUp" finished-at="2022-06-06T06:37:41 IST" duration-ms="22869" status="PASS">
          <params>
            <param index="0">
              <value>
                <![CDATA[chrome]]>
              </value>
            </param>
            <param index="1">
              <value>
                <![CDATA[true]]>
              </value>
            </param>
          </params>
          <reporter-output>
          </reporter-output>
        </test-method> <!-- setUp -->
        <test-method signature="travelCustomerLogin()[pri:0, instance:tests.TravelCustomerLoginTest@3023df74]" started-at="2022-06-06T06:37:41 IST" name="travelCustomerLogin" finished-at="2022-06-06T06:37:48 IST" duration-ms="7105" status="PASS">
          <reporter-output>
          </reporter-output>
        </test-method> <!-- travelCustomerLogin -->
        <test-method is-config="true" signature="tearDown()[pri:0, instance:tests.TravelCustomerLoginTest@3023df74]" started-at="2022-06-06T06:37:48 IST" name="tearDown" finished-at="2022-06-06T06:37:48 IST" duration-ms="278" status="PASS">
          <reporter-output>
          </reporter-output>
        </test-method> <!-- tearDown -->
      </class> <!-- tests.TravelCustomerLoginTest -->
    </test> <!-- TravelsCustomerLogin_Chrome -->
    <test started-at="2022-06-06T06:37:39 IST" name="TravelsCustomerLogin_Edge3" finished-at="2022-06-06T06:37:49 IST" duration-ms="10005">
      <class name="tests.TravelCustomerLoginTest3">
        <test-method is-config="true" signature="setUp(java.lang.String,java.lang.String)[pri:0, instance:tests.TravelCustomerLoginTest3@22ff4249]" started-at="2022-06-06T06:37:39 IST" name="setUp" finished-at="2022-06-06T06:37:42 IST" duration-ms="2826" status="PASS">
          <params>
            <param index="0">
              <value>
                <![CDATA[edge]]>
              </value>
            </param>
            <param index="1">
              <value>
                <![CDATA[true]]>
              </value>
            </param>
          </params>
          <reporter-output>
          </reporter-output>
        </test-method> <!-- setUp -->
        <test-method signature="travelCustomerLogin3()[pri:0, instance:tests.TravelCustomerLoginTest3@22ff4249]" started-at="2022-06-06T06:37:42 IST" name="travelCustomerLogin3" finished-at="2022-06-06T06:37:49 IST" duration-ms="6942" status="PASS">
          <reporter-output>
          </reporter-output>
        </test-method> <!-- travelCustomerLogin3 -->
        <test-method is-config="true" signature="tearDown()[pri:0, instance:tests.TravelCustomerLoginTest3@22ff4249]" started-at="2022-06-06T06:37:49 IST" name="tearDown" finished-at="2022-06-06T06:37:49 IST" duration-ms="231" status="PASS">
          <reporter-output>
          </reporter-output>
        </test-method> <!-- tearDown -->
      </class> <!-- tests.TravelCustomerLoginTest3 -->
    </test> <!-- TravelsCustomerLogin_Edge3 -->
    <test started-at="2022-06-06T06:37:40 IST" name="TravelsCustomerLogin_firefox2" finished-at="2022-06-06T06:37:59 IST" duration-ms="19068">
      <class name="tests.TravelCustomerLoginTest2">
        <test-method is-config="true" signature="setUp(java.lang.String,java.lang.String)[pri:0, instance:tests.TravelCustomerLoginTest2@5542c4ed]" started-at="2022-06-06T06:37:40 IST" name="setUp" finished-at="2022-06-06T06:37:50 IST" duration-ms="9990" status="PASS">
          <params>
            <param index="0">
              <value>
                <![CDATA[firefox]]>
              </value>
            </param>
            <param index="1">
              <value>
                <![CDATA[true]]>
              </value>
            </param>
          </params>
          <reporter-output>
          </reporter-output>
        </test-method> <!-- setUp -->
        <test-method signature="travelCustomerLogin2()[pri:0, instance:tests.TravelCustomerLoginTest2@5542c4ed]" started-at="2022-06-06T06:37:50 IST" name="travelCustomerLogin2" finished-at="2022-06-06T06:37:58 IST" duration-ms="7860" status="PASS">
          <reporter-output>
          </reporter-output>
        </test-method> <!-- travelCustomerLogin2 -->
        <test-method is-config="true" signature="tearDown()[pri:0, instance:tests.TravelCustomerLoginTest2@5542c4ed]" started-at="2022-06-06T06:37:58 IST" name="tearDown" finished-at="2022-06-06T06:37:59 IST" duration-ms="1213" status="PASS">
          <reporter-output>
          </reporter-output>
        </test-method> <!-- tearDown -->
      </class> <!-- tests.TravelCustomerLoginTest2 -->
    </test> <!-- TravelsCustomerLogin_firefox2 -->
    <test started-at="2022-06-06T06:37:40 IST" name="TravelsCustomerLogin_FireFox" finished-at="2022-06-06T06:37:59 IST" duration-ms="19237">
      <class name="tests.TravelCustomerLoginTest">
        <test-method is-config="true" signature="setUp(java.lang.String,java.lang.String)[pri:0, instance:tests.TravelCustomerLoginTest@1165b38]" started-at="2022-06-06T06:37:40 IST" name="setUp" finished-at="2022-06-06T06:37:50 IST" duration-ms="10162" status="PASS">
          <params>
            <param index="0">
              <value>
                <![CDATA[firefox]]>
              </value>
            </param>
            <param index="1">
              <value>
                <![CDATA[true]]>
              </value>
            </param>
          </params>
          <reporter-output>
          </reporter-output>
        </test-method> <!-- setUp -->
        <test-method signature="travelCustomerLogin()[pri:0, instance:tests.TravelCustomerLoginTest@1165b38]" started-at="2022-06-06T06:37:50 IST" name="travelCustomerLogin" finished-at="2022-06-06T06:37:58 IST" duration-ms="7814" status="PASS">
          <reporter-output>
          </reporter-output>
        </test-method> <!-- travelCustomerLogin -->
        <test-method is-config="true" signature="tearDown()[pri:0, instance:tests.TravelCustomerLoginTest@1165b38]" started-at="2022-06-06T06:37:58 IST" name="tearDown" finished-at="2022-06-06T06:37:59 IST" duration-ms="1250" status="PASS">
          <reporter-output>
          </reporter-output>
        </test-method> <!-- tearDown -->
      </class> <!-- tests.TravelCustomerLoginTest -->
    </test> <!-- TravelsCustomerLogin_FireFox -->
    <test started-at="2022-06-06T06:37:41 IST" name="TravelsCustomerLogin_firefox3" finished-at="2022-06-06T06:38:11 IST" duration-ms="29553">
      <class name="tests.TravelCustomerLoginTest3">
        <test-method is-config="true" signature="setUp(java.lang.String,java.lang.String)[pri:0, instance:tests.TravelCustomerLoginTest3@dd05255]" started-at="2022-06-06T06:37:41 IST" name="setUp" finished-at="2022-06-06T06:38:04 IST" duration-ms="22757" status="PASS">
          <params>
            <param index="0">
              <value>
                <![CDATA[firefox]]>
              </value>
            </param>
            <param index="1">
              <value>
                <![CDATA[true]]>
              </value>
            </param>
          </params>
          <reporter-output>
          </reporter-output>
        </test-method> <!-- setUp -->
        <test-method signature="travelCustomerLogin3()[pri:0, instance:tests.TravelCustomerLoginTest3@dd05255]" started-at="2022-06-06T06:38:04 IST" name="travelCustomerLogin3" finished-at="2022-06-06T06:38:10 IST" duration-ms="5635" status="PASS">
          <reporter-output>
          </reporter-output>
        </test-method> <!-- travelCustomerLogin3 -->
        <test-method is-config="true" signature="tearDown()[pri:0, instance:tests.TravelCustomerLoginTest3@dd05255]" started-at="2022-06-06T06:38:10 IST" name="tearDown" finished-at="2022-06-06T06:38:11 IST" duration-ms="1156" status="PASS">
          <reporter-output>
          </reporter-output>
        </test-method> <!-- tearDown -->
      </class> <!-- tests.TravelCustomerLoginTest3 -->
    </test> <!-- TravelsCustomerLogin_firefox3 -->
  </suite> <!-- Suite -->
</testng-results>
